<?xml version="1.0" encoding="UTF-8"?>
<!-- Generated by org.testng.reporters.JUnitXMLReporter -->
<testsuite ignored="0" hostname="DESKTOP-6KCCC2T" failures="1" tests="4" name="Test" time="43.635" errors="0" timestamp="2023-06-25T23:09:35 IST">
  <testcase classname="assignmentJenkins.HW_Wikipedia" name="wikipedia" time="8.012"/>
  <testcase classname="assignmentJenkins.Hw_CustomizedTours" name="webElementMethods" time="2.514"/>
  <testcase classname="assignmentJenkins.Hw_OrangeHRMLogin" name="OrangeHRMLoginTestNGTest" time="3.131"/>
  <testcase classname="assignmentJenkins.Hw_Gmail" name="gmail" time="2.538">
    <failure type="java.lang.AssertionError" message="expected [https://accounts.google.com/v3/signin/challenge/pwd?TL=ALbfvL1W8Q4jTZR5mD7rDdC70h5k7MwrU5qzFFlUBwz-GBiQPL-myCsloM2DbaIY&amp;amp;checkConnection=youtube%3A264%3A0&amp;amp;checkedDomains=youtube&amp;amp;cid=1&amp;amp;continue=https%3A%2F%2Fmail.google.com%2Fmail%2Fu%2F0%2F%3Ftab%3Drm%26ogbl&amp;amp;dsh=S1006965977%3A1677152006597667&amp;amp;emr=1&amp;amp;flowEntry=ServiceLogin&amp;amp;flowName=GlifWebSignIn&amp;amp;followup=https%3A%2F%2Fmail.google.com%2Fmail%2Fu%2F0%2F%3Ftab%3Drm%26ogbl&amp;amp;ifkv=AWnogHewVfaX9v9nMH_TRR_zw1BCzW1gtBJHmrmu5JAXkjXDucBW9un1l3DRFwewRl7Bu23RqnaWkg&amp;amp;osid=1&amp;amp;pstMsg=1&amp;amp;service=mail] but found [https://accounts.google.com/v3/signin/identifier?dsh=S-1123392764%3A1677151326273956&amp;amp;continue=https%3A%2F%2Fmail.google.com%2Fmail%2Fu%2F0%2F&amp;amp;emr=1&amp;amp;followup=https%3A%2F%2Fmail.google.com%2Fmail%2Fu%2F0%2F&amp;amp;osid=1&amp;amp;passive=1209600&amp;amp;service=mail&amp;amp;flowName=GlifWebSignIn&amp;amp;flowEntry=ServiceLogin&amp;amp;ifkv=AWnogHfOpjY0duUO2ikPKR_jjNlyMrG3lSSN5BACMX8j2CR1ZgKNPH8t2I0-_cWK9PUxdMdWOTgtSg]">
      <![CDATA[java.lang.AssertionError: expected [https://accounts.google.com/v3/signin/challenge/pwd?TL=ALbfvL1W8Q4jTZR5mD7rDdC70h5k7MwrU5qzFFlUBwz-GBiQPL-myCsloM2DbaIY&checkConnection=youtube%3A264%3A0&checkedDomains=youtube&cid=1&continue=https%3A%2F%2Fmail.google.com%2Fmail%2Fu%2F0%2F%3Ftab%3Drm%26ogbl&dsh=S1006965977%3A1677152006597667&emr=1&flowEntry=ServiceLogin&flowName=GlifWebSignIn&followup=https%3A%2F%2Fmail.google.com%2Fmail%2Fu%2F0%2F%3Ftab%3Drm%26ogbl&ifkv=AWnogHewVfaX9v9nMH_TRR_zw1BCzW1gtBJHmrmu5JAXkjXDucBW9un1l3DRFwewRl7Bu23RqnaWkg&osid=1&pstMsg=1&service=mail] but found [https://accounts.google.com/v3/signin/identifier?dsh=S-1123392764%3A1677151326273956&continue=https%3A%2F%2Fmail.google.com%2Fmail%2Fu%2F0%2F&emr=1&followup=https%3A%2F%2Fmail.google.com%2Fmail%2Fu%2F0%2F&osid=1&passive=1209600&service=mail&flowName=GlifWebSignIn&flowEntry=ServiceLogin&ifkv=AWnogHfOpjY0duUO2ikPKR_jjNlyMrG3lSSN5BACMX8j2CR1ZgKNPH8t2I0-_cWK9PUxdMdWOTgtSg]
at assignmentJenkins.Hw_Gmail.gmail(Hw_Gmail.java:48)
at java.base/java.util.ArrayList.forEach(ArrayList.java:1511)
... Removed 36 stack frames]]>
    </failure>
  </testcase> <!-- gmail -->
</testsuite> <!-- Test -->
