<?xml version="1.0" encoding="UTF-8"?>
<testsuite name="TestSuite" time="16.211" tests="4" errors="0" skipped="0" failures="1">
  <properties>
[...]
</properties>
  <testcase name="wikipedia" classname="assignmentJenkins.HW_Wikipedia" time="8.018"/>
  <testcase name="webElementMethods" classname="assignmentJenkins.Hw_CustomizedTours" time="2.514"/>
  <testcase name="OrangeHRMLoginTestNGTest" classname="assignmentJenkins.Hw_OrangeHRMLogin" time="3.131"/>
  <testcase name="gmail" classname="assignmentJenkins.Hw_Gmail" time="2.548">
    <failure message="expected [https://accounts.google.com/v3/signin/challenge/pwd?TL=ALbfvL1W8Q4jTZR5mD7rDdC70h5k7MwrU5qzFFlUBwz-GBiQPL-myCsloM2DbaIY&amp;checkConnection=youtube%3A264%3A0&amp;checkedDomains=youtube&amp;cid=1&amp;continue=https%3A%2F%2Fmail.google.com%2Fmail%2Fu%2F0%2F%3Ftab%3Drm%26ogbl&amp;dsh=S1006965977%3A1677152006597667&amp;emr=1&amp;flowEntry=ServiceLogin&amp;flowName=GlifWebSignIn&amp;followup=https%3A%2F%2Fmail.google.com%2Fmail%2Fu%2F0%2F%3Ftab%3Drm%26ogbl&amp;ifkv=AWnogHewVfaX9v9nMH_TRR_zw1BCzW1gtBJHmrmu5JAXkjXDucBW9un1l3DRFwewRl7Bu23RqnaWkg&amp;osid=1&amp;pstMsg=1&amp;service=mail] but found [https://accounts.google.com/v3/signin/identifier?dsh=S-1123392764%3A1677151326273956&amp;continue=https%3A%2F%2Fmail.google.com%2Fmail%2Fu%2F0%2F&amp;emr=1&amp;followup=https%3A%2F%2Fmail.google.com%2Fmail%2Fu%2F0%2F&amp;osid=1&amp;passive=1209600&amp;service=mail&amp;flowName=GlifWebSignIn&amp;flowEntry=ServiceLogin&amp;ifkv=AWnogHfOpjY0duUO2ikPKR_jjNlyMrG3lSSN5BACMX8j2CR1ZgKNPH8t2I0-_cWK9PUxdMdWOTgtSg]" type="java.lang.AssertionError"><![CDATA[java.lang.AssertionError: expected [https://accounts.google.com/v3/signin/challenge/pwd?TL=ALbfvL1W8Q4jTZR5mD7rDdC70h5k7MwrU5qzFFlUBwz-GBiQPL-myCsloM2DbaIY&checkConnection=youtube%3A264%3A0&checkedDomains=youtube&cid=1&continue=https%3A%2F%2Fmail.google.com%2Fmail%2Fu%2F0%2F%3Ftab%3Drm%26ogbl&dsh=S1006965977%3A1677152006597667&emr=1&flowEntry=ServiceLogin&flowName=GlifWebSignIn&followup=https%3A%2F%2Fmail.google.com%2Fmail%2Fu%2F0%2F%3Ftab%3Drm%26ogbl&ifkv=AWnogHewVfaX9v9nMH_TRR_zw1BCzW1gtBJHmrmu5JAXkjXDucBW9un1l3DRFwewRl7Bu23RqnaWkg&osid=1&pstMsg=1&service=mail] but found [https://accounts.google.com/v3/signin/identifier?dsh=S-1123392764%3A1677151326273956&continue=https%3A%2F%2Fmail.google.com%2Fmail%2Fu%2F0%2F&emr=1&followup=https%3A%2F%2Fmail.google.com%2Fmail%2Fu%2F0%2F&osid=1&passive=1209600&service=mail&flowName=GlifWebSignIn&flowEntry=ServiceLogin&ifkv=AWnogHfOpjY0duUO2ikPKR_jjNlyMrG3lSSN5BACMX8j2CR1ZgKNPH8t2I0-_cWK9PUxdMdWOTgtSg]
	at org.testng.Assert.fail(Assert.java:110)
	at org.testng.Assert.failNotEquals(Assert.java:1577)
	at org.testng.Assert.assertEqualsImpl(Assert.java:149)
	at org.testng.Assert.assertEquals(Assert.java:131)
	at org.testng.Assert.assertEquals(Assert.java:655)
	at org.testng.Assert.assertEquals(Assert.java:665)
	at assignmentJenkins.Hw_Gmail.gmail(Hw_Gmail.java:48)
]]></failure>
    <system-out><![CDATA[I am inside the AfterMethod of Hw_OrangeHRMLogin
I am inside the AfterClass of Hw_OrangeHRMLogin
****Test case is started****
****Test case is failed****
]]></system-out>
    <system-err><![CDATA[Starting ChromeDriver 114.0.5735.90 (386bc09e8f4f2e025eddae123f36f6263096ae49-refs/branch-heads/5735@{#1052}) on port 22820
Only local connections are allowed.
Please see https://chromedriver.chromium.org/security-considerations for suggestions on keeping ChromeDriver safe.
ChromeDriver was started successfully.
Jun 25, 2023 11:09:29 PM org.openqa.selenium.devtools.CdpVersionFinder findNearestMatch
WARNING: Unable to find an exact match for CDP version 114, so returning the closest version found: 111
]]></system-err>
  </testcase>
</testsuite>